# JRE version: OpenJDK Runtime Environment (21.0.5) (build 21.0.5+-12932927-b750.29)
# Java VM: OpenJDK 64-Bit Server VM (21.0.5+-12932927-b750.29, mixed mode, tiered, compressed oops, compressed class ptrs, g1 gc, windows-amd64)
GC Precious Log:
 CardTable entry size: 512
 Card Set container configuration: InlinePtr #cards 5 size 8 Array Of Cards #cards 12 size 40 Howl #buckets 4 coarsen threshold 1843 Howl Bitmap #cards 512 size 80 coarsen threshold 460 Card regions per heap region 1 cards per card region 2048
 CPUs: 12 total, 12 available
 Memory: 7893M
 Large Page Support: Disabled
 NUMA Support: Disabled
 Compressed Oops: Enabled (32-bit)
 Heap Region Size: 1M
 Heap Min Capacity: 8M
 Heap Initial Capacity: 124M
 Heap Max Capacity: 2G
 Pre-touch: Disabled
 Parallel Workers: 10
 Concurrent Workers: 3
 Concurrent Refinement Workers: 10
 Periodic GC: Disabled
Heap:
 garbage-first heap   total 332800K, used 185996K [0x0000000080000000, 0x0000000100000000)
  region size 1024K, 2 young (2048K), 2 survivors (2048K)
 Metaspace       used 157358K, committed 163392K, reserved 1245184K
  class space    used 20995K, committed 23104K, reserved 1048576K
GC Heap History (20 events):
Event: 33.550 GC heap after
{Heap after GC invocations=48 (full 0):
 garbage-first heap   total 226304K, used 143680K [0x0000000080000000, 0x0000000100000000)
  region size 1024K, 9 young (9216K), 9 survivors (9216K)
 Metaspace       used 144884K, committed 147328K, reserved 1179648K
  class space    used 19271K, committed 20480K, reserved 1048576K
}
Event: 34.143 GC heap before
{Heap before GC invocations=49 (full 0):
 garbage-first heap   total 240640K, used 202048K [0x0000000080000000, 0x0000000100000000)
  region size 1024K, 67 young (68608K), 9 survivors (9216K)
 Metaspace       used 151113K, committed 153600K, reserved 1245184K
  class space    used 20310K, committed 21568K, reserved 1048576K
}
Event: 34.150 GC heap after
{Heap after GC invocations=50 (full 0):
 garbage-first heap   total 240640K, used 147627K [0x0000000080000000, 0x0000000100000000)
  region size 1024K, 4 young (4096K), 4 survivors (4096K)
 Metaspace       used 151113K, committed 153600K, reserved 1245184K
  class space    used 20310K, committed 21568K, reserved 1048576K
}
Event: 34.608 GC heap before
{Heap before GC invocations=50 (full 0):
 garbage-first heap   total 240640K, used 221355K [0x0000000080000000, 0x0000000100000000)
  region size 1024K, 76 young (77824K), 4 survivors (4096K)
 Metaspace       used 155313K, committed 157760K, reserved 1245184K
  class space    used 20981K, committed 22208K, reserved 1048576K
}
Event: 34.616 GC heap after
{Heap after GC invocations=51 (full 0):
 garbage-first heap   total 240640K, used 150135K [0x0000000080000000, 0x0000000100000000)
  region size 1024K, 7 young (7168K), 7 survivors (7168K)
 Metaspace       used 155313K, committed 157760K, reserved 1245184K
  class space    used 20981K, committed 22208K, reserved 1048576K
}
Event: 34.808 GC heap before
{Heap before GC invocations=51 (full 0):
 garbage-first heap   total 240640K, used 181879K [0x0000000080000000, 0x0000000100000000)
  region size 1024K, 40 young (40960K), 7 survivors (7168K)
 Metaspace       used 157159K, committed 159680K, reserved 1245184K
  class space    used 21411K, committed 22656K, reserved 1048576K
}
Event: 34.814 GC heap after
{Heap after GC invocations=52 (full 0):
 garbage-first heap   total 240640K, used 153907K [0x0000000080000000, 0x0000000100000000)
  region size 1024K, 9 young (9216K), 9 survivors (9216K)
 Metaspace       used 157159K, committed 159680K, reserved 1245184K
  class space    used 21411K, committed 22656K, reserved 1048576K
}
Event: 732.702 GC heap before
{Heap before GC invocations=53 (full 0):
 garbage-first heap   total 260096K, used 230707K [0x0000000080000000, 0x0000000100000000)
  region size 1024K, 70 young (71680K), 9 survivors (9216K)
 Metaspace       used 159980K, committed 162560K, reserved 1245184K
  class space    used 21791K, committed 23104K, reserved 1048576K
}
Event: 733.108 GC heap after
{Heap after GC invocations=54 (full 0):
 garbage-first heap   total 260096K, used 147734K [0x0000000080000000, 0x0000000100000000)
  region size 1024K, 2 young (2048K), 2 survivors (2048K)
 Metaspace       used 159980K, committed 162560K, reserved 1245184K
  class space    used 21791K, committed 23104K, reserved 1048576K
}
Event: 3543.761 GC heap before
{Heap before GC invocations=54 (full 0):
 garbage-first heap   total 260096K, used 234774K [0x0000000080000000, 0x0000000100000000)
  region size 1024K, 87 young (89088K), 2 survivors (2048K)
 Metaspace       used 160261K, committed 162880K, reserved 1245184K
  class space    used 21793K, committed 23104K, reserved 1048576K
}
Event: 3543.891 GC heap after
{Heap after GC invocations=55 (full 0):
 garbage-first heap   total 260096K, used 148503K [0x0000000080000000, 0x0000000100000000)
  region size 1024K, 3 young (3072K), 3 survivors (3072K)
 Metaspace       used 160261K, committed 162880K, reserved 1245184K
  class space    used 21793K, committed 23104K, reserved 1048576K
}
Event: 3548.018 GC heap before
{Heap before GC invocations=55 (full 0):
 garbage-first heap   total 260096K, used 241687K [0x0000000080000000, 0x0000000100000000)
  region size 1024K, 93 young (95232K), 3 survivors (3072K)
 Metaspace       used 160724K, committed 163328K, reserved 1245184K
  class space    used 21797K, committed 23104K, reserved 1048576K
}
Event: 3548.113 GC heap after
{Heap after GC invocations=56 (full 0):
 garbage-first heap   total 272384K, used 171678K [0x0000000080000000, 0x0000000100000000)
  region size 1024K, 12 young (12288K), 12 survivors (12288K)
 Metaspace       used 160724K, committed 163328K, reserved 1245184K
  class space    used 21797K, committed 23104K, reserved 1048576K
}
Event: 3548.117 GC heap before
{Heap before GC invocations=56 (full 0):
 garbage-first heap   total 272384K, used 172702K [0x0000000080000000, 0x0000000100000000)
  region size 1024K, 13 young (13312K), 12 survivors (12288K)
 Metaspace       used 160724K, committed 163328K, reserved 1245184K
  class space    used 21797K, committed 23104K, reserved 1048576K
}
Event: 3548.153 GC heap after
{Heap after GC invocations=57 (full 0):
 garbage-first heap   total 272384K, used 174511K [0x0000000080000000, 0x0000000100000000)
  region size 1024K, 2 young (2048K), 2 survivors (2048K)
 Metaspace       used 160724K, committed 163328K, reserved 1245184K
  class space    used 21797K, committed 23104K, reserved 1048576K
}
Event: 3548.354 GC heap before
{Heap before GC invocations=57 (full 0):
 garbage-first heap   total 272384K, used 192943K [0x0000000080000000, 0x0000000100000000)
  region size 1024K, 20 young (20480K), 2 survivors (2048K)
 Metaspace       used 160742K, committed 163328K, reserved 1245184K
  class space    used 21798K, committed 23104K, reserved 1048576K
}
Event: 3548.360 GC heap after
{Heap after GC invocations=58 (full 0):
 garbage-first heap   total 272384K, used 177152K [0x0000000080000000, 0x0000000100000000)
  region size 1024K, 3 young (3072K), 3 survivors (3072K)
 Metaspace       used 160742K, committed 163328K, reserved 1245184K
  class space    used 21798K, committed 23104K, reserved 1048576K
}
Event: 3548.628 GC heap before
{Heap before GC invocations=58 (full 0):
 garbage-first heap   total 272384K, used 194560K [0x0000000080000000, 0x0000000100000000)
  region size 1024K, 21 young (21504K), 3 survivors (3072K)
 Metaspace       used 160783K, committed 163392K, reserved 1245184K
  class space    used 21801K, committed 23104K, reserved 1048576K
}
Event: 3548.638 GC heap after
{Heap after GC invocations=59 (full 0):
 garbage-first heap   total 272384K, used 186144K [0x0000000080000000, 0x0000000100000000)
  region size 1024K, 3 young (3072K), 3 survivors (3072K)
 Metaspace       used 160783K, committed 163392K, reserved 1245184K
  class space    used 21801K, committed 23104K, reserved 1048576K
}
Event: 3549.811 GC heap before
{Heap before GC invocations=59 (full 0):
 garbage-first heap   total 332800K, used 212768K [0x0000000080000000, 0x0000000100000000)
  region size 1024K, 16 young (16384K), 3 survivors (3072K)
 Metaspace       used 157358K, committed 163392K, reserved 1245184K
  class space    used 20995K, committed 23104K, reserved 1048576K
}

